<?xml version="1.0" encoding="UTF-8"?>
<!-- Generated by org.testng.reporters.JUnitReportReporter -->
<testsuite hostname="DESKTOP-PFS4BNM" failures="0" tests="2" name="OrangeHRM.AdminTest" time="35.458" errors="0" timestamp="2023-06-27T22:09:27 BDT" skipped="0">
  <testcase classname="OrangeHRM.AdminTest" name="UserCreate" time="13.363"/>
  <system-out/>
  <testcase classname="OrangeHRM.AdminTest" name="BaseLogin" time="22.095"/>
  <system-out/>
</testsuite> <!-- OrangeHRM.AdminTest -->
