<?xml version="1.0" encoding="UTF-8"?>
<!-- Generated by org.testng.reporters.JUnitReportReporter -->
<testsuite hostname="DESKTOP-PFS4BNM" failures="0" tests="3" name="OrangeHRM.LoginTest" time="61.093" errors="0" timestamp="2023-06-23T02:45:08 BDT" skipped="0">
  <testcase classname="OrangeHRM.LoginTest" name="ChromeStart" time="20.764"/>
  <system-out/>
  <testcase classname="OrangeHRM.LoginTest" name="ChromeStart" time="22.844"/>
  <system-out/>
  <testcase classname="OrangeHRM.LoginTest" name="ChromeStart" time="17.485"/>
  <system-out/>
</testsuite> <!-- OrangeHRM.LoginTest -->
