<?xml version="1.0" encoding="UTF-8"?>
<!-- Generated by org.testng.reporters.JUnitReportReporter -->
<testsuite hostname="DESKTOP-PFS4BNM" failures="0" tests="2" name="OrangeHRM.LeaveTest" time="47.164" errors="0" timestamp="2023-06-27T16:24:26 BDT" skipped="0">
  <testcase classname="OrangeHRM.LeaveTest" name="BaseLogin" time="22.990"/>
  <system-out/>
  <testcase classname="OrangeHRM.LeaveTest" name="AssignLeave" time="24.174"/>
  <system-out/>
</testsuite> <!-- OrangeHRM.LeaveTest -->
